<?xml version="1.0" encoding="UTF-8"?>
<testng-results skipped="0" failed="0" ignored="0" total="1" passed="1">
  <reporter-output>
  </reporter-output>
  <suite name="Default suite" duration-ms="29908" started-at="2019-07-20T03:30:22Z" finished-at="2019-07-20T03:30:52Z">
    <groups>
    </groups>
    <test name="Default test" duration-ms="29908" started-at="2019-07-20T03:30:22Z" finished-at="2019-07-20T03:30:52Z">
      <class name="webdriverHMS.AndroidDriver_RID">
        <test-method status="PASS" signature="beforeTest()[pri:0, instance:webdriverHMS.AndroidDriver_RID@402a079c]" name="beforeTest" is-config="true" duration-ms="23119" started-at="2019-07-20T03:30:22Z" finished-at="2019-07-20T03:30:45Z">
          <reporter-output>
          </reporter-output>
        </test-method> <!-- beforeTest -->
        <test-method status="PASS" signature="f()[pri:0, instance:webdriverHMS.AndroidDriver_RID@402a079c]" name="f" duration-ms="6742" started-at="2019-07-20T03:30:45Z" finished-at="2019-07-20T03:30:52Z">
          <reporter-output>
          </reporter-output>
        </test-method> <!-- f -->
        <test-method status="PASS" signature="afterTest()[pri:0, instance:webdriverHMS.AndroidDriver_RID@402a079c]" name="afterTest" is-config="true" duration-ms="1" started-at="2019-07-20T03:30:52Z" finished-at="2019-07-20T03:30:52Z">
          <reporter-output>
          </reporter-output>
        </test-method> <!-- afterTest -->
      </class> <!-- webdriverHMS.AndroidDriver_RID -->
    </test> <!-- Default test -->
  </suite> <!-- Default suite -->
</testng-results>
